Command line invocation:
    /Applications/Xcode.app/Contents/Developer/usr/bin/xcodebuild clean build -project NutriScan.xcodeproj -scheme NutriScan -destination "platform=iOS Simulator,name=iPhone 16,OS=18.1"

User defaults from command line:
    IDEPackageSupportUseBuiltinSCM = YES

2026-07-23 22:54:05.457 xcodebuild[22271:321052] [MT] IDELogStore: Failed to open log store at /Users/youssefabdelfatah/Library/Developer/Xcode/DerivedData/NutriScan-ftheiiybllgudjcxnytztfwffjhz/Logs/Build
2026-07-23 22:54:05.458 xcodebuild[22271:321052] [MT] IDELogStore: Failed to open Build log store: Error Domain=IDEFoundationErrorDomain Code=1 "Unable to read log store dictionary file at '/Users/youssefabdelfatah/Library/Developer/Xcode/DerivedData/NutriScan-ftheiiybllgudjcxnytztfwffjhz/Logs/Build/LogStoreManifest.plist': (257) The file “LogStoreManifest.plist” couldn’t be opened because you don’t have permission to view it." UserInfo={NSLocalizedDescription=Unable to read log store dictionary file at '/Users/youssefabdelfatah/Library/Developer/Xcode/DerivedData/NutriScan-ftheiiybllgudjcxnytztfwffjhz/Logs/Build/LogStoreManifest.plist': (257) The file “LogStoreManifest.plist” couldn’t be opened because you don’t have permission to view it.}. User info: {
    NSLocalizedDescription = "Unable to read log store dictionary file at '/Users/youssefabdelfatah/Library/Developer/Xcode/DerivedData/NutriScan-ftheiiybllgudjcxnytztfwffjhz/Logs/Build/LogStoreManifest.plist': (257) The file \U201cLogStoreManifest.plist\U201d couldn\U2019t be opened because you don\U2019t have permission to view it.";
}.
2026-07-23 22:54:05.568 xcodebuild[22271:321052] [MT] IDELogStore: Failed to open log store at /Users/youssefabdelfatah/Library/Developer/Xcode/DerivedData/NutriScan-ftheiiybllgudjcxnytztfwffjhz/Logs/Localization
2026-07-23 22:54:05.569 xcodebuild[22271:321052] [MT] IDELogStore: Failed to open Localization log store: Error Domain=IDEFoundationErrorDomain Code=1 "Unable to read log store dictionary file at '/Users/youssefabdelfatah/Library/Developer/Xcode/DerivedData/NutriScan-ftheiiybllgudjcxnytztfwffjhz/Logs/Localization/LogStoreManifest.plist': (257) The file “LogStoreManifest.plist” couldn’t be opened because you don’t have permission to view it." UserInfo={NSLocalizedDescription=Unable to read log store dictionary file at '/Users/youssefabdelfatah/Library/Developer/Xcode/DerivedData/NutriScan-ftheiiybllgudjcxnytztfwffjhz/Logs/Localization/LogStoreManifest.plist': (257) The file “LogStoreManifest.plist” couldn’t be opened because you don’t have permission to view it.}. User info: {
    NSLocalizedDescription = "Unable to read log store dictionary file at '/Users/youssefabdelfatah/Library/Developer/Xcode/DerivedData/NutriScan-ftheiiybllgudjcxnytztfwffjhz/Logs/Localization/LogStoreManifest.plist': (257) The file \U201cLogStoreManifest.plist\U201d couldn\U2019t be opened because you don\U2019t have permission to view it.";
}.
2026-07-23 22:54:05.570 xcodebuild[22271:321052] [MT] IDELogStore: Failed to open log store at /Users/youssefabdelfatah/Library/Developer/Xcode/DerivedData/NutriScan-ftheiiybllgudjcxnytztfwffjhz/Logs/Launch
2026-07-23 22:54:05.570 xcodebuild[22271:321052] [MT] IDELogStore: Failed to open Launch log store: Error Domain=IDEFoundationErrorDomain Code=1 "Unable to read log store dictionary file at '/Users/youssefabdelfatah/Library/Developer/Xcode/DerivedData/NutriScan-ftheiiybllgudjcxnytztfwffjhz/Logs/Launch/LogStoreManifest.plist': (257) The file “LogStoreManifest.plist” couldn’t be opened because you don’t have permission to view it." UserInfo={NSLocalizedDescription=Unable to read log store dictionary file at '/Users/youssefabdelfatah/Library/Developer/Xcode/DerivedData/NutriScan-ftheiiybllgudjcxnytztfwffjhz/Logs/Launch/LogStoreManifest.plist': (257) The file “LogStoreManifest.plist” couldn’t be opened because you don’t have permission to view it.}. User info: {
    NSLocalizedDescription = "Unable to read log store dictionary file at '/Users/youssefabdelfatah/Library/Developer/Xcode/DerivedData/NutriScan-ftheiiybllgudjcxnytztfwffjhz/Logs/Launch/LogStoreManifest.plist': (257) The file \U201cLogStoreManifest.plist\U201d couldn\U2019t be opened because you don\U2019t have permission to view it.";
}.
2026-07-23 22:54:05.577 xcodebuild[22271:321052] [MT] IDELogStore: Failed to open log store at /Users/youssefabdelfatah/Library/Developer/Xcode/DerivedData/NutriScan-ftheiiybllgudjcxnytztfwffjhz/Logs/Package
2026-07-23 22:54:05.577 xcodebuild[22271:321052] [MT] IDELogStore: Failed to open Package log store: Error Domain=IDEFoundationErrorDomain Code=1 "Unable to read log store dictionary file at '/Users/youssefabdelfatah/Library/Developer/Xcode/DerivedData/NutriScan-ftheiiybllgudjcxnytztfwffjhz/Logs/Package/LogStoreManifest.plist': (257) The file “LogStoreManifest.plist” couldn’t be opened because you don’t have permission to view it." UserInfo={NSLocalizedDescription=Unable to read log store dictionary file at '/Users/youssefabdelfatah/Library/Developer/Xcode/DerivedData/NutriScan-ftheiiybllgudjcxnytztfwffjhz/Logs/Package/LogStoreManifest.plist': (257) The file “LogStoreManifest.plist” couldn’t be opened because you don’t have permission to view it.}. User info: {
    NSLocalizedDescription = "Unable to read log store dictionary file at '/Users/youssefabdelfatah/Library/Developer/Xcode/DerivedData/NutriScan-ftheiiybllgudjcxnytztfwffjhz/Logs/Package/LogStoreManifest.plist': (257) The file \U201cLogStoreManifest.plist\U201d couldn\U2019t be opened because you don\U2019t have permission to view it.";
}.
2026-07-23 22:54:05.648 xcodebuild[22271:321052] [MT] IDELogStore: Failed to open log store at /Users/youssefabdelfatah/Library/Developer/Xcode/DerivedData/NutriScan-ftheiiybllgudjcxnytztfwffjhz/Logs/Test
2026-07-23 22:54:05.649 xcodebuild[22271:321052] [MT] IDELogStore: Failed to open Test log store: Error Domain=IDEFoundationErrorDomain Code=1 "Unable to read log store dictionary file at '/Users/youssefabdelfatah/Library/Developer/Xcode/DerivedData/NutriScan-ftheiiybllgudjcxnytztfwffjhz/Logs/Test/LogStoreManifest.plist': (257) The file “LogStoreManifest.plist” couldn’t be opened because you don’t have permission to view it." UserInfo={NSLocalizedDescription=Unable to read log store dictionary file at '/Users/youssefabdelfatah/Library/Developer/Xcode/DerivedData/NutriScan-ftheiiybllgudjcxnytztfwffjhz/Logs/Test/LogStoreManifest.plist': (257) The file “LogStoreManifest.plist” couldn’t be opened because you don’t have permission to view it.}. User info: {
    NSLocalizedDescription = "Unable to read log store dictionary file at '/Users/youssefabdelfatah/Library/Developer/Xcode/DerivedData/NutriScan-ftheiiybllgudjcxnytztfwffjhz/Logs/Test/LogStoreManifest.plist': (257) The file \U201cLogStoreManifest.plist\U201d couldn\U2019t be opened because you don\U2019t have permission to view it.";
}.
Resolve Package Graph
encountered an I/O error (code: 1) while reading /Users/youssefabdelfatah/Library/Developer/Xcode/DerivedData/NutriScan-ftheiiybllgudjcxnytztfwffjhz/SourcePackages/workspace-state.json
2026-07-23 22:54:05.682 xcodebuild[22271:321052] Writing error result bundle to /var/folders/63/0m57c5f92xqgjrsv3n_5xm500000gn/T/ResultBundle_2026-23-07_22-54-0005.xcresult
xcodebuild: error: Could not resolve package dependencies:
  encountered an I/O error (code: 1) while reading /Users/youssefabdelfatah/Library/Developer/Xcode/DerivedData/NutriScan-ftheiiybllgudjcxnytztfwffjhz/SourcePackages/workspace-state.json

